<?xml version="1.0" encoding="UTF-8"?>
<!-- Generated by org.testng.reporters.JUnitReportReporter -->
<testsuite hostname="RESHMA" failures="0" tests="1" name="testngpackage.CopyPaste" time="3.106" errors="0" timestamp="2023-06-12T19:21:55 IST" skipped="0">
  <testcase classname="testngpackage.CopyPaste" name="copy" time="3.106"/>
  <system-out/>
</testsuite> <!-- testngpackage.CopyPaste -->
