<?xml version="1.0" encoding="UTF-8"?>
<!-- Generated by org.testng.reporters.JUnitReportReporter -->
<testsuite hostname="RESHMA" failures="0" tests="1" name="test.createpagetest" time="3.028" errors="0" timestamp="2023-06-13T18:46:30 IST" skipped="0">
  <testcase classname="test.createpagetest" name="create" time="3.028"/>
  <system-out/>
</testsuite> <!-- test.createpagetest -->
