<?xml version="1.0" encoding="UTF-8"?>
<!-- Generated by org.testng.reporters.JUnitReportReporter -->
<testsuite hostname="RESHMA" failures="0" tests="1" name="testhere.createpagetest" time="3.502" errors="0" timestamp="2023-06-13T18:47:47 IST" skipped="0">
  <testcase classname="testhere.createpagetest" name="createpage" time="3.502"/>
  <system-out/>
</testsuite> <!-- testhere.createpagetest -->
