<?xml version="1.0" encoding="UTF-8"?>
<!-- Generated by org.testng.reporters.JUnitReportReporter -->
<testsuite hostname="RESHMA" failures="0" tests="1" name="testngpackage.parameterprogram" time="2.603" errors="0" timestamp="2023-04-20T10:32:12 IST" skipped="0">
  <testcase classname="testngpackage.parameterprogram" name="open" time="2.603"/>
  <system-out/>
</testsuite> <!-- testngpackage.parameterprogram -->
