<?xml version="1.0" encoding="UTF-8"?>
<!-- Generated by org.testng.reporters.JUnitReportReporter -->
<testsuite hostname="RESHMA" failures="0" tests="1" name="Homework.copypaste" time="0.645" errors="0" timestamp="2023-06-12T19:24:18 IST" skipped="0">
  <testcase classname="Homework.copypaste" name="copy" time="0.645"/>
  <system-out/>
</testsuite> <!-- Homework.copypaste -->
