<?xml version="1.0" encoding="UTF-8"?>
<!-- Generated by org.testng.reporters.JUnitReportReporter -->
<testsuite hostname="RESHMA" failures="0" tests="1" name="testngpackage.ebay" time="2.875" errors="0" timestamp="2023-05-06T18:35:23 IST" skipped="0">
  <testcase classname="testngpackage.ebay" name="mousehover" time="2.875"/>
  <system-out/>
</testsuite> <!-- testngpackage.ebay -->
