<?xml version="1.0" encoding="UTF-8"?>
<!-- Generated by org.testng.reporters.JUnitReportReporter -->
<testsuite hostname="RESHMA" failures="0" tests="1" name="Homework.draganddrop" time="0.427" errors="0" timestamp="2023-06-12T20:51:25 IST" skipped="0">
  <testcase classname="Homework.draganddrop" name="id" time="0.427"/>
  <system-out/>
</testsuite> <!-- Homework.draganddrop -->
