<?xml version="1.0" encoding="UTF-8"?>
<!-- Generated by org.testng.reporters.JUnitReportReporter -->
<testsuite hostname="RESHMA" failures="0" tests="3" name="testngpackage.TestingDemo" time="3.570" errors="0" timestamp="2023-04-20T09:51:23 IST" skipped="0">
  <testcase classname="testngpackage.TestingDemo" name="test2" time="0.537"/>
  <system-out/>
  <testcase classname="testngpackage.TestingDemo" name="test1" time="2.341"/>
  <system-out/>
  <testcase classname="testngpackage.TestingDemo" name="test3" time="0.692"/>
  <system-out/>
</testsuite> <!-- testngpackage.TestingDemo -->
