<?xml version="1.0" encoding="UTF-8"?>
<!-- Generated by org.testng.reporters.JUnitReportReporter -->
<testsuite hostname="RESHMA" failures="0" tests="1" name="testngpackage.fileupload" time="3.179" errors="0" timestamp="2023-04-28T10:12:32 IST" skipped="0">
  <testcase classname="testngpackage.fileupload" name="pdf" time="3.179"/>
  <system-out/>
</testsuite> <!-- testngpackage.fileupload -->
