<?xml version="1.0" encoding="UTF-8"?>
<!-- Generated by org.testng.reporters.JUnitReportReporter -->
<testsuite hostname="RESHMA" failures="0" tests="1" name="testngpackage.explicitwait" time="1.507" errors="0" timestamp="2023-06-12T21:34:11 IST" skipped="0">
  <testcase classname="testngpackage.explicitwait" name="scroll" time="1.507"/>
  <system-out/>
</testsuite> <!-- testngpackage.explicitwait -->
