<?xml version="1.0" encoding="UTF-8"?>
<!-- Generated by org.testng.reporters.JUnitReportReporter -->
<testsuite hostname="RESHMA" failures="0" tests="6" name="testngpackage.grouping" time="0.003" errors="0" timestamp="2023-04-20T09:51:23 IST" skipped="0">
  <testcase classname="testngpackage.grouping" name="open3" time="0.001"/>
  <system-out/>
  <testcase classname="testngpackage.grouping" name="open5" time="0.001"/>
  <system-out/>
  <testcase classname="testngpackage.grouping" name="open1" time="0.000"/>
  <system-out/>
  <testcase classname="testngpackage.grouping" name="open6" time="0.000"/>
  <system-out/>
  <testcase classname="testngpackage.grouping" name="open4" time="0.001"/>
  <system-out/>
  <testcase classname="testngpackage.grouping" name="open" time="0.000"/>
  <system-out/>
</testsuite> <!-- testngpackage.grouping -->
