<?xml version="1.0" encoding="UTF-8"?>
<!-- Generated by org.testng.reporters.JUnitReportReporter -->
<testsuite hostname="RESHMA" failures="0" tests="1" name="testngpackage.groupingparameter" time="0.006" errors="0" timestamp="2023-04-20T09:56:06 IST" skipped="0">
  <testcase classname="testngpackage.groupingparameter" name="main" time="0.006"/>
  <system-out/>
</testsuite> <!-- testngpackage.groupingparameter -->
