<?xml version="1.0" encoding="UTF-8"?>
<!-- Generated by org.testng.reporters.JUnitReportReporter -->
<testsuite hostname="RESHMA" failures="0" tests="1" name="testngpackage.draganddrop" time="6.232" errors="0" timestamp="2023-06-12T19:04:01 IST" skipped="0">
  <testcase classname="testngpackage.draganddrop" name="drop" time="6.232"/>
  <system-out/>
</testsuite> <!-- testngpackage.draganddrop -->
