<?xml version="1.0" encoding="UTF-8"?>
<!-- Generated by org.testng.reporters.JUnitReportReporter -->
<testsuite hostname="RESHMA" failures="0" tests="1" name="testngpackage.Scrolldown" time="1.379" errors="0" timestamp="2023-06-14T22:54:25 IST" skipped="0">
  <testcase classname="testngpackage.Scrolldown" name="scroll" time="1.379"/>
  <system-out/>
</testsuite> <!-- testngpackage.Scrolldown -->
