<?xml version="1.0" encoding="UTF-8"?>
<!-- Generated by org.testng.reporters.JUnitReportReporter -->
<testsuite hostname="RESHMA" failures="0" tests="1" name="Homework.ebaymousehover" time="3.518" errors="0" timestamp="2023-06-12T21:00:01 IST" skipped="0">
  <testcase classname="Homework.ebaymousehover" name="id" time="3.518"/>
  <system-out/>
</testsuite> <!-- Homework.ebaymousehover -->
