<?xml version="1.0" encoding="UTF-8"?>
<!-- Generated by org.testng.reporters.JUnitReportReporter -->
<testsuite hostname="RESHMA" failures="0" tests="1" name="testhere.fbloginpagetest" time="0.259" errors="0" timestamp="2023-06-13T18:47:47 IST" skipped="0">
  <testcase classname="testhere.fbloginpagetest" name="login" time="0.259"/>
  <system-out/>
</testsuite> <!-- testhere.fbloginpagetest -->
