<?xml version="1.0" encoding="UTF-8"?>
<!-- Generated by org.testng.reporters.JUnitReportReporter -->
<testsuite hostname="RESHMA" failures="0" tests="1" name="Nactest.genpro" time="1.423" errors="0" timestamp="2023-06-13T20:18:51 IST" skipped="0">
  <testcase classname="Nactest.genpro" name="log" time="1.423"/>
  <system-out/>
</testsuite> <!-- Nactest.genpro -->
