<?xml version="1.0" encoding="UTF-8"?>
<!-- Generated by org.testng.reporters.JUnitReportReporter -->
<testsuite hostname="RESHMA" failures="0" tests="1" name="testngpackage.amazontest" time="2.214" errors="0" timestamp="2023-06-16T16:53:48 IST" skipped="0">
  <testcase classname="testngpackage.amazontest" name="get" time="2.214"/>
  <system-out/>
</testsuite> <!-- testngpackage.amazontest -->
