<?xml version="1.0" encoding="UTF-8"?>
<!-- Generated by org.testng.reporters.JUnitReportReporter -->
<testsuite hostname="RESHMA" failures="0" tests="1" name="test.fbdatadrivenframework" time="0.005" errors="0" timestamp="2023-06-13T17:34:12 IST" skipped="0">
  <testcase classname="test.fbdatadrivenframework" name="fbloginverifysheet" time="0.005"/>
  <system-out/>
</testsuite> <!-- test.fbdatadrivenframework -->
