<?xml version="1.0" encoding="UTF-8"?>
<!-- Generated by org.testng.reporters.JUnitReportReporter -->
<testsuite hostname="RESHMA" failures="0" tests="1" name="testngpackage.ebaymousehover" time="5.280" errors="0" timestamp="2023-06-12T19:05:42 IST" skipped="0">
  <testcase classname="testngpackage.ebaymousehover" name="mousehover" time="5.280"/>
  <system-out/>
</testsuite> <!-- testngpackage.ebaymousehover -->
